[DEBUG|selector_events|L64] 2024-03-08T21:15:03+0300: Using selector: SelectSelector
[WARNING|bcrypt|L622] 2024-03-08T21:15:53+0300: (trapped) error reading bcrypt version
Traceback (most recent call last):
  File "C:\Users\User\projects\venv\Lib\site-packages\passlib\handlers\bcrypt.py", line 620, in _load_backend_mixin
    version = _bcrypt.__about__.__version__
              ^^^^^^^^^^^^^^^^^
AttributeError: module 'bcrypt' has no attribute '__about__'
[DEBUG|bcrypt|L625] 2024-03-08T21:15:53+0300: detected 'bcrypt' backend, version '<unknown>'
[DEBUG|bcrypt|L406] 2024-03-08T21:15:53+0300: 'bcrypt' backend lacks $2$ support, enabling workaround
[INFO|base|L1839] 2024-03-08T21:15:54+0300: select pg_catalog.version()
[INFO|base|L1839] 2024-03-08T21:15:54+0300: [raw sql] ()
[INFO|base|L1839] 2024-03-08T21:15:54+0300: select current_schema()
[INFO|base|L1839] 2024-03-08T21:15:54+0300: [raw sql] ()
[INFO|base|L1839] 2024-03-08T21:15:54+0300: show standard_conforming_strings
[INFO|base|L1839] 2024-03-08T21:15:54+0300: [raw sql] ()
[INFO|base|L2681] 2024-03-08T21:15:54+0300: BEGIN (implicit)
[INFO|base|L1839] 2024-03-08T21:15:54+0300: INSERT INTO "user" (name, email, is_active, password, id) VALUES ($1::VARCHAR, $2::VARCHAR, $3::BOOLEAN, $4::VARCHAR, $5::UUID) RETURNING "user".created_at, "user".updated_at
[INFO|base|L1839] 2024-03-08T21:15:54+0300: [generated in 0.00080s] ('new_User', 'user@example.com', True, '$2b$12$mwBSq7SE53nUwpvuGr9UN.xcEMPV5cL6HGt8S654VtdczW70zifTC', UUID('82233a1f-129c-4c1d-96b9-1c44a197c0c5'))
[INFO|base|L2687] 2024-03-08T21:15:54+0300: COMMIT
[DEBUG|users|L27] 2024-03-08T21:15:54+0300: New user registeredm id 82233a1f-129c-4c1d-96b9-1c44a197c0c5
[INFO|base|L2681] 2024-03-08T21:19:11+0300: BEGIN (implicit)
[INFO|base|L1839] 2024-03-08T21:19:11+0300: INSERT INTO "user" (name, email, is_active, password, id) VALUES ($1::VARCHAR, $2::VARCHAR, $3::BOOLEAN, $4::VARCHAR, $5::UUID) RETURNING "user".created_at, "user".updated_at
[INFO|base|L1839] 2024-03-08T21:19:11+0300: [cached since 196.9s ago] ('new_User', 'user@example.com', True, '$2b$12$aZFN2YqhREBH8C2vx.L.y.IuH.Kt4IU9LNmhyNRnn3orMxnrMPBk2', UUID('4fc5b0be-f247-43d3-8076-9089e4526391'))
[INFO|base|L2684] 2024-03-08T21:19:11+0300: ROLLBACK
[DEBUG|selector_events|L64] 2024-03-08T21:20:20+0300: Using selector: SelectSelector
[DEBUG|selector_events|L64] 2024-03-08T21:21:29+0300: Using selector: SelectSelector
[DEBUG|selector_events|L64] 2024-03-08T21:21:59+0300: Using selector: SelectSelector
[ERROR|dependency_auth|L53] 2024-03-08T21:22:03+0300: Non authorized user
